# JRE version: OpenJDK Runtime Environment (8.0_112-b06) (build 1.8.0_112-release-b06)
# Java VM: OpenJDK 64-Bit Server VM (25.112-b06 mixed mode windows-amd64 compressed oops)
Heap:
 PSYoungGen      total 442880K, used 315320K [0x00000000e0000000, 0x0000000100000000, 0x0000000100000000)
  eden space 399872K, 78% used [0x00000000e0000000,0x00000000f33de378,0x00000000f8680000)
  from space 43008K, 0% used [0x00000000f8680000,0x00000000f8690000,0x00000000fb080000)
  to   space 44032K, 0% used [0x00000000fd500000,0x00000000fd500000,0x0000000100000000)
 ParOldGen       total 157696K, used 99995K [0x00000000a0000000, 0x00000000a9a00000, 0x00000000e0000000)
  object space 157696K, 63% used [0x00000000a0000000,0x00000000a61a6e10,0x00000000a9a00000)
 Metaspace       used 71661K, capacity 74890K, committed 75136K, reserved 1114112K
  class space    used 9140K, capacity 9777K, committed 9856K, reserved 1048576K
GC Heap History (10 events):
Event: 1836.767 GC heap before
{Heap before GC invocations=16 (full 3):
 PSYoungGen      total 247296K, used 245897K [0x00000000e0000000, 0x00000000f2000000, 0x0000000100000000)
  eden space 238592K, 100% used [0x00000000e0000000,0x00000000ee900000,0x00000000ee900000)
  from space 8704K, 83% used [0x00000000f1780000,0x00000000f1ea2740,0x00000000f2000000)
  to   space 28160K, 0% used [0x00000000ee900000,0x00000000ee900000,0x00000000f0480000)
 ParOldGen       total 157696K, used 49781K [0x00000000a0000000, 0x00000000a9a00000, 0x00000000e0000000)
  object space 157696K, 31% used [0x00000000a0000000,0x00000000a309d500,0x00000000a9a00000)
 Metaspace       used 67499K, capacity 70234K, committed 70528K, reserved 1110016K
  class space    used 8733K, capacity 9295K, committed 9344K, reserved 1048576K
Event: 1836.802 GC heap after
Heap after GC invocations=16 (full 3):
 PSYoungGen      total 266752K, used 20928K [0x00000000e0000000, 0x00000000f6400000, 0x0000000100000000)
  eden space 238592K, 0% used [0x00000000e0000000,0x00000000e0000000,0x00000000ee900000)
  from space 28160K, 74% used [0x00000000ee900000,0x00000000efd70250,0x00000000f0480000)
  to   space 29696K, 0% used [0x00000000f4700000,0x00000000f4700000,0x00000000f6400000)
 ParOldGen       total 157696K, used 49789K [0x00000000a0000000, 0x00000000a9a00000, 0x00000000e0000000)
  object space 157696K, 31% used [0x00000000a0000000,0x00000000a309f500,0x00000000a9a00000)
 Metaspace       used 67499K, capacity 70234K, committed 70528K, reserved 1110016K
  class space    used 8733K, capacity 9295K, committed 9344K, reserved 1048576K
}
Event: 1838.990 GC heap before
{Heap before GC invocations=17 (full 3):
 PSYoungGen      total 266752K, used 259520K [0x00000000e0000000, 0x00000000f6400000, 0x0000000100000000)
  eden space 238592K, 100% used [0x00000000e0000000,0x00000000ee900000,0x00000000ee900000)
  from space 28160K, 74% used [0x00000000ee900000,0x00000000efd70250,0x00000000f0480000)
  to   space 29696K, 0% used [0x00000000f4700000,0x00000000f4700000,0x00000000f6400000)
 ParOldGen       total 157696K, used 49789K [0x00000000a0000000, 0x00000000a9a00000, 0x00000000e0000000)
  object space 157696K, 31% used [0x00000000a0000000,0x00000000a309f500,0x00000000a9a00000)
 Metaspace       used 68456K, capacity 71162K, committed 71296K, reserved 1112064K
  class space    used 8782K, capacity 9327K, committed 9344K, reserved 1048576K
Event: 1839.060 GC heap after
Heap after GC invocations=17 (full 3):
 PSYoungGen      total 326656K, used 29680K [0x00000000e0000000, 0x00000000f8280000, 0x0000000100000000)
  eden space 296960K, 0% used [0x00000000e0000000,0x00000000e0000000,0x00000000f2200000)
  from space 29696K, 99% used [0x00000000f4700000,0x00000000f63fc158,0x00000000f6400000)
  to   space 37888K, 0% used [0x00000000f2200000,0x00000000f2200000,0x00000000f4700000)
 ParOldGen       total 157696K, used 59906K [0x00000000a0000000, 0x00000000a9a00000, 0x00000000e0000000)
  object space 157696K, 37% used [0x00000000a0000000,0x00000000a3a80998,0x00000000a9a00000)
 Metaspace       used 68456K, capacity 71162K, committed 71296K, reserved 1112064K
  class space    used 8782K, capacity 9327K, committed 9344K, reserved 1048576K
}
Event: 1841.731 GC heap before
{Heap before GC invocations=18 (full 3):
 PSYoungGen      total 326656K, used 326464K [0x00000000e0000000, 0x00000000f8280000, 0x0000000100000000)
  eden space 296960K, 99% used [0x00000000e0000000,0x00000000f21d3f40,0x00000000f2200000)
  from space 29696K, 99% used [0x00000000f4700000,0x00000000f63fc158,0x00000000f6400000)
  to   space 37888K, 0% used [0x00000000f2200000,0x00000000f2200000,0x00000000f4700000)
 ParOldGen       total 157696K, used 59906K [0x00000000a0000000, 0x00000000a9a00000, 0x00000000e0000000)
  object space 157696K, 37% used [0x00000000a0000000,0x00000000a3a80998,0x00000000a9a00000)
 Metaspace       used 70036K, capacity 72908K, committed 73088K, reserved 1112064K
  class space    used 8951K, capacity 9516K, committed 9600K, reserved 1048576K
Event: 1841.786 GC heap after
Heap after GC invocations=18 (full 3):
 PSYoungGen      total 334848K, used 32260K [0x00000000e0000000, 0x00000000fd900000, 0x0000000100000000)
  eden space 296960K, 0% used [0x00000000e0000000,0x00000000e0000000,0x00000000f2200000)
  from space 37888K, 85% used [0x00000000f2200000,0x00000000f4181190,0x00000000f4700000)
  to   space 41472K, 0% used [0x00000000fb080000,0x00000000fb080000,0x00000000fd900000)
 ParOldGen       total 157696K, used 64566K [0x00000000a0000000, 0x00000000a9a00000, 0x00000000e0000000)
  object space 157696K, 40% used [0x00000000a0000000,0x00000000a3f0d988,0x00000000a9a00000)
 Metaspace       used 70036K, capacity 72908K, committed 73088K, reserved 1112064K
  class space    used 8951K, capacity 9516K, committed 9600K, reserved 1048576K
}
Event: 1842.642 GC heap before
{Heap before GC invocations=19 (full 3):
 PSYoungGen      total 334848K, used 328277K [0x00000000e0000000, 0x00000000fd900000, 0x0000000100000000)
  eden space 296960K, 99% used [0x00000000e0000000,0x00000000f2114578,0x00000000f2200000)
  from space 37888K, 85% used [0x00000000f2200000,0x00000000f4181190,0x00000000f4700000)
  to   space 41472K, 0% used [0x00000000fb080000,0x00000000fb080000,0x00000000fd900000)
 ParOldGen       total 157696K, used 64566K [0x00000000a0000000, 0x00000000a9a00000, 0x00000000e0000000)
  object space 157696K, 40% used [0x00000000a0000000,0x00000000a3f0d988,0x00000000a9a00000)
 Metaspace       used 70866K, capacity 73764K, committed 73984K, reserved 1114112K
  class space    used 9073K, capacity 9636K, committed 9728K, reserved 1048576K
Event: 1842.698 GC heap after
Heap after GC invocations=19 (full 3):
 PSYoungGen      total 441344K, used 28165K [0x00000000e0000000, 0x00000000ff080000, 0x0000000100000000)
  eden space 399872K, 0% used [0x00000000e0000000,0x00000000e0000000,0x00000000f8680000)
  from space 41472K, 67% used [0x00000000fb080000,0x00000000fcc01778,0x00000000fd900000)
  to   space 43008K, 0% used [0x00000000f8680000,0x00000000f8680000,0x00000000fb080000)
 ParOldGen       total 157696K, used 83936K [0x00000000a0000000, 0x00000000a9a00000, 0x00000000e0000000)
  object space 157696K, 53% used [0x00000000a0000000,0x00000000a51f8308,0x00000000a9a00000)
 Metaspace       used 70866K, capacity 73764K, committed 73984K, reserved 1114112K
  class space    used 9073K, capacity 9636K, committed 9728K, reserved 1048576K
}
Event: 1842.774 GC heap before
{Heap before GC invocations=20 (full 3):
 PSYoungGen      total 441344K, used 427986K [0x00000000e0000000, 0x00000000ff080000, 0x0000000100000000)
  eden space 399872K, 99% used [0x00000000e0000000,0x00000000f86733b8,0x00000000f8680000)
  from space 41472K, 67% used [0x00000000fb080000,0x00000000fcc01778,0x00000000fd900000)
  to   space 43008K, 0% used [0x00000000f8680000,0x00000000f8680000,0x00000000fb080000)
 ParOldGen       total 157696K, used 83936K [0x00000000a0000000, 0x00000000a9a00000, 0x00000000e0000000)
  object space 157696K, 53% used [0x00000000a0000000,0x00000000a51f8308,0x00000000a9a00000)
 Metaspace       used 70874K, capacity 73764K, committed 73984K, reserved 1114112K
  class space    used 9073K, capacity 9636K, committed 9728K, reserved 1048576K
Event: 1842.800 GC heap after
Heap after GC invocations=20 (full 3):
 PSYoungGen      total 442880K, used 64K [0x00000000e0000000, 0x0000000100000000, 0x0000000100000000)
  eden space 399872K, 0% used [0x00000000e0000000,0x00000000e0000000,0x00000000f8680000)
  from space 43008K, 0% used [0x00000000f8680000,0x00000000f8690000,0x00000000fb080000)
  to   space 44032K, 0% used [0x00000000fd500000,0x00000000fd500000,0x0000000100000000)
 ParOldGen       total 157696K, used 99995K [0x00000000a0000000, 0x00000000a9a00000, 0x00000000e0000000)
  object space 157696K, 63% used [0x00000000a0000000,0x00000000a61a6e10,0x00000000a9a00000)
 Metaspace       used 70874K, capacity 73764K, committed 73984K, reserved 1114112K
  class space    used 9073K, capacity 9636K, committed 9728K, reserved 1048576K
}

